<?xml version="1.0" encoding="UTF-8"?><testsuite errors="1" failures="0" name="Utest" skipped="0" tests="1" time="50.83" timestamp="2021-02-12 05:27:59"><testcase name="Create a new account in the platform"><error message="no such window: target window already closed&#10;from unknown error: web view not found&#10;  (Session info: chrome=88.0.4324.150)&#10;Build info: version: '3.141.59', revision: 'e82be7d358', time: '2018-11-14T08:17:03'&#10;System info: host: 'DESKTOP-2D4P762', ip: '56.57.58.104', os.name: 'Windows 10', os.arch: 'amd64', os.version: '10.0', java.version: '1.8.0_144'&#10;Driver info: org.openqa.selenium.chrome.ChromeDriver&#10;Capabilities {acceptInsecureCerts: false, browserName: chrome, browserVersion: 88.0.4324.150, chrome: {chromedriverVersion: 88.0.4324.96 (68dba2d8a0b14..., userDataDir: C:\Users\donos\AppData\Loca...}, goog:chromeOptions: {debuggerAddress: localhost:58283}, javascriptEnabled: true, networkConnectionEnabled: false, pageLoadStrategy: normal, platform: WINDOWS, platformName: WINDOWS, proxy: Proxy(), setWindowRect: true, strictFileInteractability: false, timeouts: {implicit: 0, pageLoad: 300000, script: 30000}, unhandledPromptBehavior: dismiss and notify, webauthn:extension:largeBlob: true, webauthn:virtualAuthenticators: true}&#10;Session ID: dce2787a59d507a9ebfe59557cdf6152&#10;*** Element info: {Using=xpath, value=//A[@class='unauthenticated-nav-bar__sign-up'][text()='Join Today']}" type="org.openqa.selenium.NoSuchWindowException">no such window: target window already closed
from unknown error: web view not found
  (Session info: chrome=88.0.4324.150)
Build info: version: '3.141.59', revision: 'e82be7d358', time: '2018-11-14T08:17:03'
System info: host: 'DESKTOP-2D4P762', ip: '56.57.58.104', os.name: 'Windows 10', os.arch: 'amd64', os.version: '10.0', java.version: '1.8.0_144'
Driver info: org.openqa.selenium.chrome.ChromeDriver
Capabilities {acceptInsecureCerts: false, browserName: chrome, browserVersion: 88.0.4324.150, chrome: {chromedriverVersion: 88.0.4324.96 (68dba2d8a0b14..., userDataDir: C:\Users\donos\AppData\Loca...}, goog:chromeOptions: {debuggerAddress: localhost:58283}, javascriptEnabled: true, networkConnectionEnabled: false, pageLoadStrategy: normal, platform: WINDOWS, platformName: WINDOWS, proxy: Proxy(), setWindowRect: true, strictFileInteractability: false, timeouts: {implicit: 0, pageLoad: 300000, script: 30000}, unhandledPromptBehavior: dismiss and notify, webauthn:extension:largeBlob: true, webauthn:virtualAuthenticators: true}
Session ID: dce2787a59d507a9ebfe59557cdf6152
*** Element info: {Using=xpath, value=//A[@class='unauthenticated-nav-bar__sign-up'][text()='Join Today']}</error><system-err>no such window: target window already closed
from unknown error: web view not found
  (Session info: chrome=88.0.4324.150)
Build info: version: '3.141.59', revision: 'e82be7d358', time: '2018-11-14T08:17:03'
System info: host: 'DESKTOP-2D4P762', ip: '56.57.58.104', os.name: 'Windows 10', os.arch: 'amd64', os.version: '10.0', java.version: '1.8.0_144'
Driver info: org.openqa.selenium.chrome.ChromeDriver
Capabilities {acceptInsecureCerts: false, browserName: chrome, browserVersion: 88.0.4324.150, chrome: {chromedriverVersion: 88.0.4324.96 (68dba2d8a0b14..., userDataDir: C:\Users\donos\AppData\Loca...}, goog:chromeOptions: {debuggerAddress: localhost:58283}, javascriptEnabled: true, networkConnectionEnabled: false, pageLoadStrategy: normal, platform: WINDOWS, platformName: WINDOWS, proxy: Proxy(), setWindowRect: true, strictFileInteractability: false, timeouts: {implicit: 0, pageLoad: 300000, script: 30000}, unhandledPromptBehavior: dismiss and notify, webauthn:extension:largeBlob: true, webauthn:virtualAuthenticators: true}
Session ID: dce2787a59d507a9ebfe59557cdf6152
*** Element info: {Using=xpath, value=//A[@class='unauthenticated-nav-bar__sign-up'][text()='Join Today']}&#13;
co.com.choucair.certification.utest.tasks.UtestSignUp.performAs(UtestSignUp.java:66)&#13;
co.com.choucair.certification.utest.stepdefinitions.utestStepDefinitions.heWriteThePersonalInformationOnTheUtestRegisterForms(utestStepDefinitions.java:33)&#13;
cucumber.runner.Runner.runPickle(Runner.java:80)&#13;
</system-err></testcase></testsuite>